00000000 a __dldi_lma
00000000 a __end__
00000000 A __sync_synchronize
01ff8000 t __itcm_start
01ff8038 00000018 T __excpt_vectors
01ff8050 00000088 t threadReschedule
01ff80d8 000000d4 T threadBlock
01ff81ac 000000c0 T threadUnblockOneByValue
01ff826c 00000144 T threadUnblockAllByValue
01ff83b0 00000134 T threadUnblockAllByMask
01ff84e4 0000002c T armContextSave
01ff8510 00000020 T armContextLoad
01ff8514 T armContextLoadFromSvc
01ff8530 00000008 T armWaitForIrq
01ff8538 0000000c T armDrainWriteBuffer
01ff8544 00000028 T armDCacheFlushAll
01ff856c 0000001c T armDCacheFlush
01ff8588 0000000c T armICacheInvalidateAll
01ff8594 00000004 t __arm_excpt_rst
01ff8598 00000004 t __arm_excpt_pabt
01ff859c 0000000c t __arm_excpt_und
01ff85a8 0000000c t __arm_excpt_dabt
01ff85b4 00000030 t __excpt_entry
01ff85e4 000000e4 t __arm_excpt_irq
01ff86c8 t __itcm_end
02001000 t __crt0_start
02001000 00000020 t __ds9_bootstub_trampoline
02001020 00000074 T crt0ProcessLoadList
02001094 00000150 T crt0Startup
020011e4 0000004c T crt0CopyMem32
02001230 00000058 T crt0FillMem32
02001288 000000b4 T crt0SetupMPU
02001340 00000008 t ____libc_init_array_from_arm
02001360 t __crt0_end
02001360 t __main_start
02001360 T _init
0200136c 00000022 T exit
02001390 00000180 T main
02001510 t __do_global_dtors_aux
0200153c t frame_dummy
02001560 0000006c T scanKeys
020015cc 0000000c T keysHeld
020015d8 0000001a T oamAllocReset
020015f4 00000570 T oamAllocateGfx
02001b64 00000138 T oamInit
02001c9c 00000038 T oamGetGfxPtr
02001cd4 00000034 T oamGfxPtrToOffset
02001d08 00000102 T oamSet
02001e0c 00000078 T oamUpdate
02001e84 00000098 T threadExit
02001f1c 00000010 t _threadTickTask
02001f2c 00000098 T _threadInit
02001fc4 00000098 T threadPrepare
0200205c 000000c0 T threadStart
0200211c 00000098 T threadIrqWait
020021b4 00000058 T threadSleepTicks
0200220c 00000028 T keypadGetState
02002234 00000040 t _pmCallEventHandlers
02002274 000000a0 t _pmPxiThreadMain
02002314 00000028 t _pmResetPxiHandler
0200233c 00000004 W systemUserExit
02002340 00000004 W systemErrorExit
02002344 00000138 T __syscall_exit
0200247c 00000058 T pmInit
020024d4 000000cc T pmEnterSleep
020025a0 00000060 T pmMainLoop
02002600 00000058 T touchRead
02002658 0000001c t _tickCountIsr
02002674 00000098 t _tickTaskSchedule.part.0.isra.0
0200270c 0000008c T tickInit
02002798 0000006c T tickGetCount
02002804 00000110 t _tickTaskIsr
02002914 0000011c T tickTaskStart
02002a30 0000009c T mailboxTrySend
02002acc 0000008c T mailboxRecv
02002b58 00000014 T __syscall_getreent
02002b6c 00000040 T __syscall_lock_acquire_recursive
02002bac 00000018 T __syscall_lock_release_recursive
02002bc4 00000004 t _pxiMailboxHandler
02002bc8 00000004 W _pxiRecvUnhandled
02002bcc 00000154 t _pxiRecvIrqHandler
02002d20 00000058 T _pxiInit
02002d78 00000074 T pxiSetHandler
02002dec 00000068 T pxiSetMailbox
02002e54 00000038 T pxiWaitRemote
02002e8c 00000050 T pxiSendPacket
02002edc 00000004 W systemUserStartup
02002ee0 00000104 W systemStartup
02002fe4 00000064 T irqSet
02003048 000001c4 t threadUpdateDynamicPrio
0200320c 000001a8 t threadRemoveWaiter
020033b4 00000144 T mutexLock
020034f8 000000bc T mutexUnlock
020035b4 00000002 W __aeabi_idiv0
020035b4 00000002 W __aeabi_ldiv0
020035b8 00000018 T realloc
020035d0 00000588 T _malloc_r
02003b58 000000ac T _malloc_trim_r
02003c04 000001f4 T _free_r
02003df8 00000026 T malloc
02003e20 00000014 T free
02003e34 00000098 T memset
02003ecc 00000384 T _realloc_r
02004250 00000014 T __malloc_lock
02004264 00000014 T __malloc_unlock
02004278 0000000c W __call_exitprocs
02004284 00000052 T __libc_init_array
020042d8 000000ca T memmove
020043a4 00000128 T _memalign_r
020044cc 0000002e T __libc_fini_array
020044fc 00000014 T _exit
02004510 00000020 T __getreent
02004530 00000054 W _sbrk_r
02004584 00000018 T __libc_lock_acquire_recursive
0200459c 00000018 T __libc_lock_release_recursive
020045b4 t .udivsi3_skip_div0_test
020045b4 T __aeabi_uidiv
020045b4 000000fc T __udivsi3
020046b0 00000020 T __aeabi_uidivmod
020046d0 T _fini
020046e0 00000008 t ____aeabi_idiv0_from_arm
020046e8 00000001 d count
020046e9 00000001 d repeat
020046ea 00000001 d delay
020046ec 00000018 D oamSub
02004704 00000018 D oamMain
0200471c 00000004 D __malloc_sbrk_base
02004720 00000004 D __malloc_trim_threshold
02004728 00000408 D __malloc_av_
02004990 a __crt0_lma
02004b30 00000004 D _impure_ptr
02004b38 00000120 D _impure_data
02004c58 r __EH_FRAME_BEGIN__
02004c58 r __FRAME_END__
02004c5c r __tls_info
02004c68 d __frame_dummy_init_array_entry
02004c68 d __init_array_start
02004c68 d __preinit_array_end
02004c68 d __preinit_array_start
02004c6c d __do_global_dtors_aux_fini_array_entry
02004c6c d __fini_array_start
02004c6c d __init_array_end
02004c70 d __fini_array_end
02004c70 d __main_end
02004c70 ? __tls_end
02004c70 ? __tls_start
02004c70 b completed.1
02004c74 b object.0
02004c8c 00000002 b keysrepeat
02004c90 00000004 b s_keypad
02004c94 00000400 B OamMemory
02004cf0 a __itcm_lma
02004cf0 a __loadlist_lma
02005094 00000400 B OamMemorySub
02005494 00000008 b s_sleepThreads
0200549c 00000008 b s_joinThreads
020054a4 00000070 b s_idleThread
02005514 00000070 b s_mainThread
02005588 00000200 b s_pmPxiThreadStack
02005788 00000070 b s_pmPxiThread
020057f8 00000008 b s_pmState
02005800 00000004 b s_firstTask
02005808 00000008 b s_highTickCount
02005810 00000001 b s_tickInit
02005814 00000008 b s_mailboxRecvQueue
0200581c 00000001 B g_isTwlMode
02005820 000001f0 b s_pxiChannels
02005a10 00000004 b s_pxiRecvState
02005a14 00000008 b s_pxiRecvQueue
02005a1c 00000004 b s_pxiSendMutex
02005a20 00000028 B __malloc_current_mallinfo
02005a48 00000004 B __malloc_max_total_mem
02005a4c 00000004 B __malloc_max_sbrked_mem
02005a50 00000004 B __malloc_top_pad
02005a54 0000000c b __malloc_recursive_mutex
02005a60 00000004 B fake_heap_start
02005a64 00000004 B fake_heap_end
02005a68 00000004 b heap_start.0
02005a70 00000168 B __sf
02005bd8 00000004 B __stdio_exit_handler
02005bdc b __heap_start_ntr
02005bdc b __main_bss_end
02005be0 r __heap_start_twl
02005be0 ? __twl_bss_end
02005be0 ? __twl_end
02005be0 ? __twl_start
02008cc8 a __loadlist_start
02008cf8 a __loadlist_end
02400000 a __twl_lma
02400000 a __twl_loadlist_lma
02400000 a __twl_loadlist_start
0240000c a __twl_loadlist_end
02ff0000 ? __dtcm_end
02ff0000 ? __dtcm_start
02ff0000 00000080 B __irq_table
02ff0080 00000018 B __sched_state
02ff0098 b __dtcm_bss_end
02ff3e80 d __sp_usr
02ff3f80 a __sp_irq
02ff3fc0 a __sp_svc
02ff3ff8 a __irq_flags
0e000800 00000190 T __ds9_bootstub
ffff0008 a __arm_excpt_svc
